{"C:\\Users\\Michel Tadesse\\Downloads\\Kelal-Gateway-NewBach\\Kelal-Gateway-NewBach\\backend\\src\\config\\email.config.js": {"path":"C:\\Users\\Michel Tadesse\\Downloads\\Kelal-Gateway-NewBach\\Kelal-Gateway-NewBach\\backend\\src\\config\\email.config.js","statementMap":{"0":{"start":{"line":1,"column":23},"end":{"line":1,"column":44}},"1":{"start":{"line":3,"column":19},"end":{"line":5,"column":2}},"2":{"start":{"line":7,"column":0},"end":{"line":7,"column":28}}},"fnMap":{},"branchMap":{"0":{"loc":{"start":{"line":4,"column":12},"end":{"line":4,"column":117}},"type":"binary-expr","locations":[{"start":{"line":4,"column":12},"end":{"line":4,"column":42}},{"start":{"line":4,"column":46},"end":{"line":4,"column":117}}],"line":4}},"s":{"0":1,"1":1,"2":1},"f":{},"b":{"0":[1,1]},"_coverageSchema":"1a1c01bbd47fc00a2c39e90264f33305004495a9","hash":"d3b2fb008ea505094779c5e95a1bffb970c2cac0"}
,"C:\\Users\\Michel Tadesse\\Downloads\\Kelal-Gateway-NewBach\\Kelal-Gateway-NewBach\\backend\\src\\middleware\\auth.js": {"path":"C:\\Users\\Michel Tadesse\\Downloads\\Kelal-Gateway-NewBach\\Kelal-Gateway-NewBach\\backend\\src\\middleware\\auth.js","statementMap":{"0":{"start":{"line":1,"column":24},"end":{"line":1,"column":47}},"1":{"start":{"line":2,"column":13},"end":{"line":2,"column":44}},"2":{"start":{"line":4,"column":0},"end":{"line":32,"column":2}},"3":{"start":{"line":5,"column":4},"end":{"line":31,"column":5}},"4":{"start":{"line":7,"column":27},"end":{"line":7,"column":52}},"5":{"start":{"line":8,"column":8},"end":{"line":10,"column":9}},"6":{"start":{"line":9,"column":12},"end":{"line":9,"column":72}},"7":{"start":{"line":12,"column":22},"end":{"line":12,"column":46}},"8":{"start":{"line":15,"column":24},"end":{"line":15,"column":42}},"9":{"start":{"line":16,"column":8},"end":{"line":18,"column":9}},"10":{"start":{"line":17,"column":12},"end":{"line":17,"column":68}},"11":{"start":{"line":21,"column":21},"end":{"line":21,"column":72}},"12":{"start":{"line":22,"column":8},"end":{"line":24,"column":9}},"13":{"start":{"line":23,"column":12},"end":{"line":23,"column":69}},"14":{"start":{"line":27,"column":8},"end":{"line":27,"column":24}},"15":{"start":{"line":28,"column":8},"end":{"line":28,"column":15}},"16":{"start":{"line":30,"column":8},"end":{"line":30,"column":58}}},"fnMap":{"0":{"name":"(anonymous_0)","decl":{"start":{"line":4,"column":17},"end":{"line":4,"column":18}},"loc":{"start":{"line":4,"column":43},"end":{"line":32,"column":1}},"line":4}},"branchMap":{"0":{"loc":{"start":{"line":8,"column":8},"end":{"line":10,"column":9}},"type":"if","locations":[{"start":{"line":8,"column":8},"end":{"line":10,"column":9}},{"start":{},"end":{}}],"line":8},"1":{"loc":{"start":{"line":8,"column":12},"end":{"line":8,"column":60}},"type":"binary-expr","locations":[{"start":{"line":8,"column":12},"end":{"line":8,"column":23}},{"start":{"line":8,"column":27},"end":{"line":8,"column":60}}],"line":8},"2":{"loc":{"start":{"line":16,"column":8},"end":{"line":18,"column":9}},"type":"if","locations":[{"start":{"line":16,"column":8},"end":{"line":18,"column":9}},{"start":{},"end":{}}],"line":16},"3":{"loc":{"start":{"line":22,"column":8},"end":{"line":24,"column":9}},"type":"if","locations":[{"start":{"line":22,"column":8},"end":{"line":24,"column":9}},{"start":{},"end":{}}],"line":22}},"s":{"0":1,"1":1,"2":1,"3":0,"4":0,"5":0,"6":0,"7":0,"8":0,"9":0,"10":0,"11":0,"12":0,"13":0,"14":0,"15":0,"16":0},"f":{"0":0},"b":{"0":[0,0],"1":[0,0],"2":[0,0],"3":[0,0]},"_coverageSchema":"1a1c01bbd47fc00a2c39e90264f33305004495a9","hash":"97bcf60567ac4937237faa8601d2b7d2a9c8a032"}
,"C:\\Users\\Michel Tadesse\\Downloads\\Kelal-Gateway-NewBach\\Kelal-Gateway-NewBach\\backend\\src\\models\\user.model.js": {"path":"C:\\Users\\Michel Tadesse\\Downloads\\Kelal-Gateway-NewBach\\Kelal-Gateway-NewBach\\backend\\src\\models\\user.model.js","statementMap":{"0":{"start":{"line":1,"column":17},"end":{"line":1,"column":36}},"1":{"start":{"line":2,"column":15},"end":{"line":2,"column":34}},"2":{"start":{"line":4,"column":19},"end":{"line":87,"column":2}},"3":{"start":{"line":90,"column":0},"end":{"line":95,"column":3}},"4":{"start":{"line":91,"column":4},"end":{"line":93,"column":5}},"5":{"start":{"line":92,"column":8},"end":{"line":92,"column":61}},"6":{"start":{"line":94,"column":4},"end":{"line":94,"column":11}},"7":{"start":{"line":98,"column":0},"end":{"line":100,"column":2}},"8":{"start":{"line":99,"column":4},"end":{"line":99,"column":60}},"9":{"start":{"line":103,"column":0},"end":{"line":113,"column":2}},"10":{"start":{"line":104,"column":4},"end":{"line":104,"column":39}},"11":{"start":{"line":104,"column":27},"end":{"line":104,"column":39}},"12":{"start":{"line":106,"column":20},"end":{"line":106,"column":55}},"13":{"start":{"line":108,"column":18},"end":{"line":108,"column":58}},"14":{"start":{"line":109,"column":4},"end":{"line":111,"column":5}},"15":{"start":{"line":110,"column":8},"end":{"line":110,"column":65}},"16":{"start":{"line":112,"column":4},"end":{"line":112,"column":28}},"17":{"start":{"line":115,"column":13},"end":{"line":115,"column":47}},"18":{"start":{"line":117,"column":0},"end":{"line":117,"column":22}}},"fnMap":{"0":{"name":"(anonymous_0)","decl":{"start":{"line":90,"column":23},"end":{"line":90,"column":24}},"loc":{"start":{"line":90,"column":44},"end":{"line":95,"column":1}},"line":90},"1":{"name":"(anonymous_1)","decl":{"start":{"line":98,"column":37},"end":{"line":98,"column":38}},"loc":{"start":{"line":98,"column":71},"end":{"line":100,"column":1}},"line":98},"2":{"name":"(anonymous_2)","decl":{"start":{"line":103,"column":39},"end":{"line":103,"column":40}},"loc":{"start":{"line":103,"column":50},"end":{"line":113,"column":1}},"line":103}},"branchMap":{"0":{"loc":{"start":{"line":91,"column":4},"end":{"line":93,"column":5}},"type":"if","locations":[{"start":{"line":91,"column":4},"end":{"line":93,"column":5}},{"start":{},"end":{}}],"line":91},"1":{"loc":{"start":{"line":104,"column":4},"end":{"line":104,"column":39}},"type":"if","locations":[{"start":{"line":104,"column":4},"end":{"line":104,"column":39}},{"start":{},"end":{}}],"line":104},"2":{"loc":{"start":{"line":109,"column":4},"end":{"line":111,"column":5}},"type":"if","locations":[{"start":{"line":109,"column":4},"end":{"line":111,"column":5}},{"start":{},"end":{}}],"line":109}},"s":{"0":1,"1":1,"2":1,"3":1,"4":0,"5":0,"6":0,"7":1,"8":0,"9":1,"10":0,"11":0,"12":0,"13":0,"14":0,"15":0,"16":0,"17":1,"18":1},"f":{"0":0,"1":0,"2":0},"b":{"0":[0,0],"1":[0,0],"2":[0,0]},"_coverageSchema":"1a1c01bbd47fc00a2c39e90264f33305004495a9","hash":"469d103c9965ba1aa1fbfe442909850c2b4c6b85"}
,"C:\\Users\\Michel Tadesse\\Downloads\\Kelal-Gateway-NewBach\\Kelal-Gateway-NewBach\\backend\\src\\services\\email.service.js": {"path":"C:\\Users\\Michel Tadesse\\Downloads\\Kelal-Gateway-NewBach\\Kelal-Gateway-NewBach\\backend\\src\\services\\email.service.js","statementMap":{"0":{"start":{"line":1,"column":19},"end":{"line":1,"column":52}},"1":{"start":{"line":2,"column":35},"end":{"line":2,"column":56}},"2":{"start":{"line":3,"column":15},"end":{"line":3,"column":41}},"3":{"start":{"line":7,"column":8},"end":{"line":10,"column":10}},"4":{"start":{"line":14,"column":8},"end":{"line":29,"column":9}},"5":{"start":{"line":15,"column":31},"end":{"line":15,"column":50}},"6":{"start":{"line":17,"column":32},"end":{"line":21,"column":30}},"7":{"start":{"line":23,"column":29},"end":{"line":23,"column":69}},"8":{"start":{"line":24,"column":12},"end":{"line":24,"column":78}},"9":{"start":{"line":25,"column":12},"end":{"line":25,"column":28}},"10":{"start":{"line":27,"column":12},"end":{"line":27,"column":73}},"11":{"start":{"line":28,"column":12},"end":{"line":28,"column":24}},"12":{"start":{"line":33,"column":24},"end":{"line":33,"column":51}},"13":{"start":{"line":34,"column":21},"end":{"line":42,"column":9}},"14":{"start":{"line":44,"column":8},"end":{"line":44,"column":57}},"15":{"start":{"line":48,"column":24},"end":{"line":48,"column":45}},"16":{"start":{"line":49,"column":21},"end":{"line":57,"column":9}},"17":{"start":{"line":59,"column":8},"end":{"line":59,"column":57}},"18":{"start":{"line":63,"column":24},"end":{"line":63,"column":43}},"19":{"start":{"line":64,"column":21},"end":{"line":71,"column":9}},"20":{"start":{"line":73,"column":8},"end":{"line":73,"column":57}},"21":{"start":{"line":77,"column":24},"end":{"line":77,"column":41}},"22":{"start":{"line":78,"column":21},"end":{"line":84,"column":9}},"23":{"start":{"line":86,"column":8},"end":{"line":86,"column":57}},"24":{"start":{"line":90,"column":24},"end":{"line":90,"column":40}},"25":{"start":{"line":91,"column":21},"end":{"line":98,"column":9}},"26":{"start":{"line":100,"column":8},"end":{"line":100,"column":57}},"27":{"start":{"line":104,"column":0},"end":{"line":104,"column":36}}},"fnMap":{"0":{"name":"(anonymous_0)","decl":{"start":{"line":6,"column":4},"end":{"line":6,"column":5}},"loc":{"start":{"line":6,"column":18},"end":{"line":11,"column":5}},"line":6},"1":{"name":"(anonymous_1)","decl":{"start":{"line":13,"column":4},"end":{"line":13,"column":5}},"loc":{"start":{"line":13,"column":64},"end":{"line":30,"column":5}},"line":13},"2":{"name":"(anonymous_2)","decl":{"start":{"line":32,"column":4},"end":{"line":32,"column":5}},"loc":{"start":{"line":32,"column":33},"end":{"line":45,"column":5}},"line":32},"3":{"name":"(anonymous_3)","decl":{"start":{"line":47,"column":4},"end":{"line":47,"column":5}},"loc":{"start":{"line":47,"column":51},"end":{"line":60,"column":5}},"line":47},"4":{"name":"(anonymous_4)","decl":{"start":{"line":62,"column":4},"end":{"line":62,"column":5}},"loc":{"start":{"line":62,"column":38},"end":{"line":74,"column":5}},"line":62},"5":{"name":"(anonymous_5)","decl":{"start":{"line":76,"column":4},"end":{"line":76,"column":5}},"loc":{"start":{"line":76,"column":40},"end":{"line":87,"column":5}},"line":76},"6":{"name":"(anonymous_6)","decl":{"start":{"line":89,"column":4},"end":{"line":89,"column":5}},"loc":{"start":{"line":89,"column":49},"end":{"line":101,"column":5}},"line":89}},"branchMap":{"0":{"loc":{"start":{"line":13,"column":39},"end":{"line":13,"column":62}},"type":"default-arg","locations":[{"start":{"line":13,"column":46},"end":{"line":13,"column":62}}],"line":13}},"s":{"0":1,"1":1,"2":1,"3":1,"4":0,"5":0,"6":0,"7":0,"8":0,"9":0,"10":0,"11":0,"12":0,"13":0,"14":0,"15":0,"16":0,"17":0,"18":0,"19":0,"20":0,"21":0,"22":0,"23":0,"24":0,"25":0,"26":0,"27":1},"f":{"0":1,"1":0,"2":0,"3":0,"4":0,"5":0,"6":0},"b":{"0":[0]},"_coverageSchema":"1a1c01bbd47fc00a2c39e90264f33305004495a9","hash":"cd2fd1ea4ac1e2b26eccc1d863e4577c52d8234c"}
,"C:\\Users\\Michel Tadesse\\Downloads\\Kelal-Gateway-NewBach\\Kelal-Gateway-NewBach\\backend\\src\\utils\\jwt.js": {"path":"C:\\Users\\Michel Tadesse\\Downloads\\Kelal-Gateway-NewBach\\Kelal-Gateway-NewBach\\backend\\src\\utils\\jwt.js","statementMap":{"0":{"start":{"line":1,"column":12},"end":{"line":1,"column":35}},"1":{"start":{"line":3,"column":19},"end":{"line":3,"column":62}},"2":{"start":{"line":4,"column":23},"end":{"line":4,"column":57}},"3":{"start":{"line":6,"column":22},"end":{"line":15,"column":1}},"4":{"start":{"line":7,"column":4},"end":{"line":14,"column":6}},"5":{"start":{"line":17,"column":20},"end":{"line":23,"column":1}},"6":{"start":{"line":18,"column":4},"end":{"line":22,"column":5}},"7":{"start":{"line":19,"column":8},"end":{"line":19,"column":45}},"8":{"start":{"line":21,"column":8},"end":{"line":21,"column":20}},"9":{"start":{"line":25,"column":0},"end":{"line":28,"column":2}}},"fnMap":{"0":{"name":"(anonymous_0)","decl":{"start":{"line":6,"column":22},"end":{"line":6,"column":23}},"loc":{"start":{"line":6,"column":32},"end":{"line":15,"column":1}},"line":6},"1":{"name":"(anonymous_1)","decl":{"start":{"line":17,"column":20},"end":{"line":17,"column":21}},"loc":{"start":{"line":17,"column":31},"end":{"line":23,"column":1}},"line":17}},"branchMap":{"0":{"loc":{"start":{"line":3,"column":19},"end":{"line":3,"column":62}},"type":"binary-expr","locations":[{"start":{"line":3,"column":19},"end":{"line":3,"column":41}},{"start":{"line":3,"column":45},"end":{"line":3,"column":62}}],"line":3},"1":{"loc":{"start":{"line":4,"column":23},"end":{"line":4,"column":57}},"type":"binary-expr","locations":[{"start":{"line":4,"column":23},"end":{"line":4,"column":49}},{"start":{"line":4,"column":53},"end":{"line":4,"column":57}}],"line":4}},"s":{"0":2,"1":2,"2":2,"3":2,"4":0,"5":2,"6":0,"7":0,"8":0,"9":2},"f":{"0":0,"1":0},"b":{"0":[2,2],"1":[2,2]},"_coverageSchema":"1a1c01bbd47fc00a2c39e90264f33305004495a9","hash":"5bf962c10f16e2ffa02d8163bddd2edca438ff1b"}
,"C:\\Users\\Michel Tadesse\\Downloads\\Kelal-Gateway-NewBach\\Kelal-Gateway-NewBach\\backend\\src\\utils\\logger.js": {"path":"C:\\Users\\Michel Tadesse\\Downloads\\Kelal-Gateway-NewBach\\Kelal-Gateway-NewBach\\backend\\src\\utils\\logger.js","statementMap":{"0":{"start":{"line":1,"column":16},"end":{"line":1,"column":34}},"1":{"start":{"line":3,"column":15},"end":{"line":13,"column":2}},"2":{"start":{"line":15,"column":0},"end":{"line":22,"column":1}},"3":{"start":{"line":16,"column":4},"end":{"line":21,"column":8}},"4":{"start":{"line":24,"column":0},"end":{"line":24,"column":24}}},"fnMap":{},"branchMap":{"0":{"loc":{"start":{"line":15,"column":0},"end":{"line":22,"column":1}},"type":"if","locations":[{"start":{"line":15,"column":0},"end":{"line":22,"column":1}},{"start":{},"end":{}}],"line":15}},"s":{"0":4,"1":4,"2":4,"3":4,"4":4},"f":{},"b":{"0":[4,0]},"_coverageSchema":"1a1c01bbd47fc00a2c39e90264f33305004495a9","hash":"f7c2083df9af8511621d9b949c3f6c7d21cc1c44"}
}
